<?xml version="1.0" encoding="UTF-8"?>
<!-- Generated by org.testng.reporters.JUnitReportReporter -->
<testsuite hostname="Leosavan" name="EncorDashboard.TestScripts.GetDashboardData" tests="1" failures="0" timestamp="24 Jul 2018 11:52:10 GMT" time="149.309" errors="0">
  <testcase name="UserAccess" time="149.309" classname="EncorDashboard.TestScripts.GetDashboardData"/>
</testsuite> <!-- EncorDashboard.TestScripts.GetDashboardData -->
