<?xml version="1.0" encoding="UTF-8"?>
<!-- Generated by org.testng.reporters.JUnitReportReporter -->
<testsuite skipped="1" hostname="DESKTOP-6I31IJP" name="EncorDashboard.TestScripts.VerifyDashboardData" tests="1" failures="0" timestamp="13 Mar 2019 13:30:13 GMT" time="0.000" errors="0">
  <testcase name="VerifyDashboardData" time="0.000" classname="EncorDashboard.TestScripts.VerifyDashboardData">
    <skipped/>
  </testcase> <!-- VerifyDashboardData -->
</testsuite> <!-- EncorDashboard.TestScripts.VerifyDashboardData -->
