<?xml version="1.0" encoding="UTF-8"?>
<!-- Generated by org.testng.reporters.JUnitReportReporter -->
<testsuite hostname="leomahesh-PC" name="EncorDashboard.TestScripts.VerifyDashboardData" tests="1" failures="0" timestamp="13 Mar 2019 06:15:07 GMT" time="0.000" errors="1">
  <testcase name="VerifyDashboardData" time="0.000" classname="EncorDashboard.TestScripts.VerifyDashboardData">
    <error type="java.lang.RuntimeException" message="java.lang.Error: Unresolved compilation problem: 
	CELL_TYPE_STRING cannot be resolved or is not a field
">
      <![CDATA[java.lang.RuntimeException: java.lang.Error: Unresolved compilation problem: 
	CELL_TYPE_STRING cannot be resolved or is not a field

	at org.testng.internal.MethodInvocationHelper.invokeDataProvider(MethodInvocationHelper.java:163)
	at org.testng.internal.Parameters.handleParameters(Parameters.java:430)
	at org.testng.internal.Invoker.handleParameters(Invoker.java:1274)
	at org.testng.internal.Invoker.createParameters(Invoker.java:989)
	at org.testng.internal.Invoker.invokeTestMethods(Invoker.java:1079)
	at org.testng.internal.TestMethodWorker.invokeTestMethods(TestMethodWorker.java:129)
	at org.testng.internal.TestMethodWorker.run(TestMethodWorker.java:112)
	at org.testng.TestRunner.privateRun(TestRunner.java:782)
	at org.testng.TestRunner.run(TestRunner.java:632)
	at org.testng.SuiteRunner.runTest(SuiteRunner.java:366)
	at org.testng.SuiteRunner.runSequentially(SuiteRunner.java:361)
	at org.testng.SuiteRunner.privateRun(SuiteRunner.java:319)
	at org.testng.SuiteRunner.run(SuiteRunner.java:268)
	at org.testng.SuiteRunnerWorker.runSuite(SuiteRunnerWorker.java:52)
	at org.testng.SuiteRunnerWorker.run(SuiteRunnerWorker.java:86)
	at org.testng.TestNG.runSuitesSequentially(TestNG.java:1244)
	at org.testng.TestNG.runSuitesLocally(TestNG.java:1169)
	at org.testng.TestNG.run(TestNG.java:1064)
	at org.testng.remote.AbstractRemoteTestNG.run(AbstractRemoteTestNG.java:132)
	at org.testng.remote.RemoteTestNG.initAndRun(RemoteTestNG.java:236)
	at org.testng.remote.RemoteTestNG.main(RemoteTestNG.java:81)
Caused by: java.lang.Error: Unresolved compilation problem: 
	CELL_TYPE_STRING cannot be resolved or is not a field

	at EncorDashboard.GlobalLibrary.GenericFunction.retrieveTestData(GenericFunction.java:213)
	at EncorDashboard.GlobalLibrary.GlobalFunction.ReadXlData(GlobalFunction.java:65)
	at EncorDashboard.TestScripts.VerifyDashboardData.DashboardData(VerifyDashboardData.java:64)
	at sun.reflect.NativeMethodAccessorImpl.invoke0(Native Method)
	at sun.reflect.NativeMethodAccessorImpl.invoke(NativeMethodAccessorImpl.java:62)
	at sun.reflect.DelegatingMethodAccessorImpl.invoke(DelegatingMethodAccessorImpl.java:43)
	at java.lang.reflect.Method.invoke(Method.java:483)
	at org.testng.internal.MethodInvocationHelper.invokeMethod(MethodInvocationHelper.java:86)
	at org.testng.internal.MethodInvocationHelper.invokeDataProvider(MethodInvocationHelper.java:137)
	... 20 more
]]>
    </error>
  </testcase> <!-- VerifyDashboardData -->
</testsuite> <!-- EncorDashboard.TestScripts.VerifyDashboardData -->
